=== LR-floor experiment start 00:31:43  floor=1e-6, same 5 seeds, no-ES ===
Number of unique contributions: 13
Total number of fractions: 28
Total number of phases: 62
Total number of inverters: 0
Number of unique contributions: 13
Total number of fractions: 28
Total number of phases: 62
Total number of inverters: 0
Number of unique contributions: 13
Total number of fractions: 28
Total number of phases: 62
Total number of inverters: 0
Epoch 1/50
64/64 - 66s - loss: 0.5293 - accuracy: 0.7339 - val_loss: 0.4228 - val_accuracy: 0.7820 - lr: 0.0100 - 66s/epoch - 1s/step
Epoch 2/50
64/64 - 32s - loss: 0.3873 - accuracy: 0.8095 - val_loss: 0.3583 - val_accuracy: 0.8266 - lr: 0.0090 - 32s/epoch - 493ms/step
Epoch 3/50
64/64 - 35s - loss: 0.3396 - accuracy: 0.8387 - val_loss: 0.3185 - val_accuracy: 0.8504 - lr: 0.0080 - 35s/epoch - 550ms/step
Epoch 4/50
64/64 - 36s - loss: 0.2979 - accuracy: 0.8638 - val_loss: 0.2840 - val_accuracy: 0.8719 - lr: 0.0070 - 36s/epoch - 569ms/step
Epoch 5/50
64/64 - 33s - loss: 0.2667 - accuracy: 0.8800 - val_loss: 0.2601 - val_accuracy: 0.8829 - lr: 0.0060 - 33s/epoch - 516ms/step
Epoch 6/50
64/64 - 33s - loss: 0.2462 - accuracy: 0.8894 - val_loss: 0.2453 - val_accuracy: 0.8908 - lr: 0.0050 - 33s/epoch - 518ms/step
Epoch 7/50
64/64 - 33s - loss: 0.2299 - accuracy: 0.8978 - val_loss: 0.2325 - val_accuracy: 0.8974 - lr: 0.0040 - 33s/epoch - 511ms/step
Epoch 8/50
64/64 - 34s - loss: 0.2176 - accuracy: 0.9042 - val_loss: 0.2220 - val_accuracy: 0.9022 - lr: 0.0030 - 34s/epoch - 528ms/step
Epoch 9/50
64/64 - 37s - loss: 0.2096 - accuracy: 0.9080 - val_loss: 0.2171 - val_accuracy: 0.9053 - lr: 0.0020 - 37s/epoch - 576ms/step
Epoch 10/50
64/64 - 38s - loss: 0.2034 - accuracy: 0.9114 - val_loss: 0.2132 - val_accuracy: 0.9073 - lr: 0.0010 - 38s/epoch - 598ms/step
Epoch 11/50
64/64 - 37s - loss: 0.1992 - accuracy: 0.9136 - val_loss: 0.2098 - val_accuracy: 0.9085 - lr: 9.0000e-04 - 37s/epoch - 578ms/step
Epoch 12/50
64/64 - 38s - loss: 0.1959 - accuracy: 0.9154 - val_loss: 0.2074 - val_accuracy: 0.9100 - lr: 8.1000e-04 - 38s/epoch - 588ms/step
Epoch 13/50
64/64 - 38s - loss: 0.1932 - accuracy: 0.9166 - val_loss: 0.2060 - val_accuracy: 0.9110 - lr: 7.2900e-04 - 38s/epoch - 586ms/step
Epoch 14/50
64/64 - 38s - loss: 0.1910 - accuracy: 0.9177 - val_loss: 0.2045 - val_accuracy: 0.9118 - lr: 6.5610e-04 - 38s/epoch - 595ms/step
Epoch 15/50
64/64 - 38s - loss: 0.1889 - accuracy: 0.9187 - val_loss: 0.2031 - val_accuracy: 0.9126 - lr: 5.9049e-04 - 38s/epoch - 596ms/step
Epoch 16/50
64/64 - 38s - loss: 0.1874 - accuracy: 0.9193 - val_loss: 0.2021 - val_accuracy: 0.9132 - lr: 5.3144e-04 - 38s/epoch - 596ms/step
Epoch 17/50
64/64 - 38s - loss: 0.1857 - accuracy: 0.9202 - val_loss: 0.2008 - val_accuracy: 0.9134 - lr: 4.7830e-04 - 38s/epoch - 599ms/step
Epoch 18/50
64/64 - 39s - loss: 0.1841 - accuracy: 0.9208 - val_loss: 0.1996 - val_accuracy: 0.9141 - lr: 4.3047e-04 - 39s/epoch - 610ms/step
Epoch 19/50
64/64 - 39s - loss: 0.1828 - accuracy: 0.9214 - val_loss: 0.1990 - val_accuracy: 0.9144 - lr: 3.8742e-04 - 39s/epoch - 614ms/step
Epoch 20/50
64/64 - 39s - loss: 0.1816 - accuracy: 0.9220 - val_loss: 0.1983 - val_accuracy: 0.9146 - lr: 3.4868e-04 - 39s/epoch - 610ms/step
Epoch 21/50
64/64 - 40s - loss: 0.1805 - accuracy: 0.9225 - val_loss: 0.1975 - val_accuracy: 0.9150 - lr: 2.7894e-04 - 40s/epoch - 632ms/step
Epoch 22/50
64/64 - 37s - loss: 0.1798 - accuracy: 0.9229 - val_loss: 0.1976 - val_accuracy: 0.9151 - lr: 2.2315e-04 - 37s/epoch - 573ms/step
Epoch 23/50
64/64 - 36s - loss: 0.1791 - accuracy: 0.9233 - val_loss: 0.1969 - val_accuracy: 0.9152 - lr: 1.7852e-04 - 36s/epoch - 567ms/step
Epoch 24/50
64/64 - 38s - loss: 0.1785 - accuracy: 0.9236 - val_loss: 0.1967 - val_accuracy: 0.9154 - lr: 1.4282e-04 - 38s/epoch - 587ms/step
Epoch 25/50
64/64 - 37s - loss: 0.1780 - accuracy: 0.9237 - val_loss: 0.1964 - val_accuracy: 0.9154 - lr: 1.1425e-04 - 37s/epoch - 583ms/step
Epoch 26/50
64/64 - 38s - loss: 0.1776 - accuracy: 0.9240 - val_loss: 0.1962 - val_accuracy: 0.9155 - lr: 9.1404e-05 - 38s/epoch - 597ms/step
Epoch 27/50
64/64 - 37s - loss: 0.1773 - accuracy: 0.9241 - val_loss: 0.1963 - val_accuracy: 0.9157 - lr: 7.3123e-05 - 37s/epoch - 580ms/step
Epoch 28/50
64/64 - 38s - loss: 0.1770 - accuracy: 0.9242 - val_loss: 0.1961 - val_accuracy: 0.9156 - lr: 5.8499e-05 - 38s/epoch - 588ms/step
Epoch 29/50
64/64 - 38s - loss: 0.1768 - accuracy: 0.9244 - val_loss: 0.1960 - val_accuracy: 0.9158 - lr: 4.6799e-05 - 38s/epoch - 597ms/step
Epoch 30/50
64/64 - 38s - loss: 0.1767 - accuracy: 0.9245 - val_loss: 0.1960 - val_accuracy: 0.9157 - lr: 3.7439e-05 - 38s/epoch - 586ms/step
Epoch 31/50
64/64 - 39s - loss: 0.1766 - accuracy: 0.9245 - val_loss: 0.1959 - val_accuracy: 0.9157 - lr: 2.4335e-05 - 39s/epoch - 602ms/step
Epoch 32/50
64/64 - 38s - loss: 0.1765 - accuracy: 0.9246 - val_loss: 0.1959 - val_accuracy: 0.9158 - lr: 1.5818e-05 - 38s/epoch - 596ms/step
Epoch 33/50
64/64 - 38s - loss: 0.1764 - accuracy: 0.9246 - val_loss: 0.1959 - val_accuracy: 0.9156 - lr: 1.0282e-05 - 38s/epoch - 590ms/step
Epoch 34/50
64/64 - 38s - loss: 0.1763 - accuracy: 0.9247 - val_loss: 0.1959 - val_accuracy: 0.9157 - lr: 6.6831e-06 - 38s/epoch - 595ms/step
Epoch 35/50
64/64 - 38s - loss: 0.1763 - accuracy: 0.9247 - val_loss: 0.1959 - val_accuracy: 0.9157 - lr: 4.3440e-06 - 38s/epoch - 596ms/step
Epoch 36/50
64/64 - 38s - loss: 0.1763 - accuracy: 0.9246 - val_loss: 0.1958 - val_accuracy: 0.9157 - lr: 2.8236e-06 - 38s/epoch - 591ms/step
Epoch 37/50
64/64 - 38s - loss: 0.1763 - accuracy: 0.9247 - val_loss: 0.1958 - val_accuracy: 0.9157 - lr: 1.8353e-06 - 38s/epoch - 599ms/step
Epoch 38/50
64/64 - 38s - loss: 0.1763 - accuracy: 0.9247 - val_loss: 0.1958 - val_accuracy: 0.9157 - lr: 1.1930e-06 - 38s/epoch - 594ms/step
Epoch 39/50
64/64 - 38s - loss: 0.1763 - accuracy: 0.9247 - val_loss: 0.1958 - val_accuracy: 0.9157 - lr: 1.0000e-06 - 38s/epoch - 599ms/step
Epoch 40/50
64/64 - 38s - loss: 0.1763 - accuracy: 0.9247 - val_loss: 0.1958 - val_accuracy: 0.9157 - lr: 1.0000e-06 - 38s/epoch - 595ms/step
Epoch 41/50
64/64 - 38s - loss: 0.1762 - accuracy: 0.9247 - val_loss: 0.1958 - val_accuracy: 0.9157 - lr: 1.0000e-06 - 38s/epoch - 588ms/step
Epoch 42/50
64/64 - 38s - loss: 0.1762 - accuracy: 0.9247 - val_loss: 0.1958 - val_accuracy: 0.9157 - lr: 1.0000e-06 - 38s/epoch - 599ms/step
Epoch 43/50
64/64 - 39s - loss: 0.1762 - accuracy: 0.9247 - val_loss: 0.1958 - val_accuracy: 0.9157 - lr: 1.0000e-06 - 39s/epoch - 604ms/step
Epoch 44/50
64/64 - 39s - loss: 0.1762 - accuracy: 0.9247 - val_loss: 0.1958 - val_accuracy: 0.9157 - lr: 1.0000e-06 - 39s/epoch - 607ms/step
Epoch 45/50
64/64 - 39s - loss: 0.1762 - accuracy: 0.9247 - val_loss: 0.1958 - val_accuracy: 0.9157 - lr: 1.0000e-06 - 39s/epoch - 616ms/step
Epoch 46/50
64/64 - 39s - loss: 0.1762 - accuracy: 0.9247 - val_loss: 0.1958 - val_accuracy: 0.9157 - lr: 1.0000e-06 - 39s/epoch - 611ms/step
Epoch 47/50
64/64 - 39s - loss: 0.1762 - accuracy: 0.9247 - val_loss: 0.1958 - val_accuracy: 0.9157 - lr: 1.0000e-06 - 39s/epoch - 615ms/step
Epoch 48/50
64/64 - 40s - loss: 0.1762 - accuracy: 0.9247 - val_loss: 0.1958 - val_accuracy: 0.9157 - lr: 1.0000e-06 - 40s/epoch - 618ms/step
Epoch 49/50
64/64 - 40s - loss: 0.1762 - accuracy: 0.9247 - val_loss: 0.1958 - val_accuracy: 0.9157 - lr: 1.0000e-06 - 40s/epoch - 620ms/step
Epoch 50/50
64/64 - 39s - loss: 0.1762 - accuracy: 0.9247 - val_loss: 0.1958 - val_accuracy: 0.9157 - lr: 1.0000e-06 - 39s/epoch - 613ms/step
[bench] d=5 p=0.010 seed=0  RCNN p_L=0.0831  MWPM=0.0483  (1908s, 51547 params)
Number of unique contributions: 13
Total number of fractions: 28
Total number of phases: 62
Total number of inverters: 0
Number of unique contributions: 13
Total number of fractions: 28
Total number of phases: 62
Total number of inverters: 0
Number of unique contributions: 13
Total number of fractions: 28
Total number of phases: 62
Total number of inverters: 0
Epoch 1/50
64/64 - 69s - loss: 0.5416 - accuracy: 0.7353 - val_loss: 0.4630 - val_accuracy: 0.7675 - lr: 0.0100 - 69s/epoch - 1s/step
Epoch 2/50
64/64 - 39s - loss: 0.4281 - accuracy: 0.7853 - val_loss: 0.3990 - val_accuracy: 0.7990 - lr: 0.0090 - 39s/epoch - 605ms/step
Epoch 3/50
64/64 - 39s - loss: 0.3753 - accuracy: 0.8149 - val_loss: 0.3539 - val_accuracy: 0.8280 - lr: 0.0080 - 39s/epoch - 614ms/step
Epoch 4/50
64/64 - 40s - loss: 0.3295 - accuracy: 0.8449 - val_loss: 0.3171 - val_accuracy: 0.8501 - lr: 0.0070 - 40s/epoch - 626ms/step
Epoch 5/50
64/64 - 39s - loss: 0.2939 - accuracy: 0.8642 - val_loss: 0.2839 - val_accuracy: 0.8678 - lr: 0.0060 - 39s/epoch - 611ms/step
Epoch 6/50
64/64 - 39s - loss: 0.2564 - accuracy: 0.8840 - val_loss: 0.2411 - val_accuracy: 0.8927 - lr: 0.0050 - 39s/epoch - 617ms/step
Epoch 7/50
64/64 - 39s - loss: 0.2257 - accuracy: 0.9013 - val_loss: 0.2200 - val_accuracy: 0.9047 - lr: 0.0040 - 39s/epoch - 605ms/step
Epoch 8/50
64/64 - 39s - loss: 0.2040 - accuracy: 0.9130 - val_loss: 0.2012 - val_accuracy: 0.9144 - lr: 0.0030 - 39s/epoch - 611ms/step
Epoch 9/50
64/64 - 39s - loss: 0.1891 - accuracy: 0.9203 - val_loss: 0.1934 - val_accuracy: 0.9185 - lr: 0.0020 - 39s/epoch - 613ms/step
Epoch 10/50
64/64 - 41s - loss: 0.1808 - accuracy: 0.9243 - val_loss: 0.1863 - val_accuracy: 0.9216 - lr: 0.0010 - 41s/epoch - 634ms/step
Epoch 11/50
64/64 - 40s - loss: 0.1764 - accuracy: 0.9263 - val_loss: 0.1843 - val_accuracy: 0.9230 - lr: 9.0000e-04 - 40s/epoch - 624ms/step
Epoch 12/50
64/64 - 39s - loss: 0.1731 - accuracy: 0.9280 - val_loss: 0.1808 - val_accuracy: 0.9239 - lr: 8.1000e-04 - 39s/epoch - 613ms/step
Epoch 13/50
64/64 - 40s - loss: 0.1703 - accuracy: 0.9293 - val_loss: 0.1788 - val_accuracy: 0.9249 - lr: 7.2900e-04 - 40s/epoch - 621ms/step
Epoch 14/50
64/64 - 39s - loss: 0.1679 - accuracy: 0.9304 - val_loss: 0.1776 - val_accuracy: 0.9257 - lr: 6.5610e-04 - 39s/epoch - 616ms/step
Epoch 15/50
64/64 - 40s - loss: 0.1659 - accuracy: 0.9316 - val_loss: 0.1753 - val_accuracy: 0.9261 - lr: 5.9049e-04 - 40s/epoch - 618ms/step
Epoch 16/50
64/64 - 40s - loss: 0.1638 - accuracy: 0.9326 - val_loss: 0.1741 - val_accuracy: 0.9267 - lr: 5.3144e-04 - 40s/epoch - 626ms/step
Epoch 17/50
64/64 - 41s - loss: 0.1623 - accuracy: 0.9333 - val_loss: 0.1728 - val_accuracy: 0.9272 - lr: 4.7830e-04 - 41s/epoch - 638ms/step
Epoch 18/50
64/64 - 40s - loss: 0.1607 - accuracy: 0.9339 - val_loss: 0.1717 - val_accuracy: 0.9278 - lr: 4.3047e-04 - 40s/epoch - 632ms/step
Epoch 19/50
64/64 - 40s - loss: 0.1594 - accuracy: 0.9345 - val_loss: 0.1716 - val_accuracy: 0.9280 - lr: 3.8742e-04 - 40s/epoch - 625ms/step
Epoch 20/50
64/64 - 40s - loss: 0.1585 - accuracy: 0.9348 - val_loss: 0.1701 - val_accuracy: 0.9286 - lr: 3.4868e-04 - 40s/epoch - 625ms/step
Epoch 21/50
64/64 - 41s - loss: 0.1572 - accuracy: 0.9356 - val_loss: 0.1695 - val_accuracy: 0.9291 - lr: 2.7894e-04 - 41s/epoch - 641ms/step
Epoch 22/50
64/64 - 40s - loss: 0.1565 - accuracy: 0.9360 - val_loss: 0.1688 - val_accuracy: 0.9294 - lr: 2.2315e-04 - 40s/epoch - 627ms/step
Epoch 23/50
64/64 - 41s - loss: 0.1557 - accuracy: 0.9362 - val_loss: 0.1683 - val_accuracy: 0.9294 - lr: 1.7852e-04 - 41s/epoch - 635ms/step
Epoch 24/50
64/64 - 41s - loss: 0.1551 - accuracy: 0.9365 - val_loss: 0.1681 - val_accuracy: 0.9297 - lr: 1.4282e-04 - 41s/epoch - 637ms/step
Epoch 25/50
64/64 - 42s - loss: 0.1546 - accuracy: 0.9368 - val_loss: 0.1679 - val_accuracy: 0.9296 - lr: 1.1425e-04 - 42s/epoch - 653ms/step
Epoch 26/50
64/64 - 41s - loss: 0.1542 - accuracy: 0.9370 - val_loss: 0.1675 - val_accuracy: 0.9298 - lr: 9.1404e-05 - 41s/epoch - 647ms/step
Epoch 27/50
64/64 - 41s - loss: 0.1539 - accuracy: 0.9371 - val_loss: 0.1675 - val_accuracy: 0.9299 - lr: 7.3123e-05 - 41s/epoch - 641ms/step
Epoch 28/50
64/64 - 43s - loss: 0.1537 - accuracy: 0.9372 - val_loss: 0.1673 - val_accuracy: 0.9301 - lr: 5.8499e-05 - 43s/epoch - 674ms/step
Epoch 29/50
64/64 - 44s - loss: 0.1535 - accuracy: 0.9373 - val_loss: 0.1672 - val_accuracy: 0.9300 - lr: 4.6799e-05 - 44s/epoch - 684ms/step
Epoch 30/50
64/64 - 43s - loss: 0.1533 - accuracy: 0.9374 - val_loss: 0.1671 - val_accuracy: 0.9300 - lr: 3.7439e-05 - 43s/epoch - 676ms/step
Epoch 31/50
64/64 - 43s - loss: 0.1532 - accuracy: 0.9375 - val_loss: 0.1671 - val_accuracy: 0.9300 - lr: 2.4335e-05 - 43s/epoch - 669ms/step
Epoch 32/50
64/64 - 42s - loss: 0.1531 - accuracy: 0.9375 - val_loss: 0.1671 - val_accuracy: 0.9299 - lr: 1.5818e-05 - 42s/epoch - 657ms/step
Epoch 33/50
64/64 - 40s - loss: 0.1530 - accuracy: 0.9376 - val_loss: 0.1670 - val_accuracy: 0.9299 - lr: 1.0282e-05 - 40s/epoch - 630ms/step
Epoch 34/50
64/64 - 41s - loss: 0.1530 - accuracy: 0.9375 - val_loss: 0.1670 - val_accuracy: 0.9300 - lr: 6.6831e-06 - 41s/epoch - 639ms/step
Epoch 35/50
64/64 - 41s - loss: 0.1529 - accuracy: 0.9376 - val_loss: 0.1670 - val_accuracy: 0.9300 - lr: 4.3440e-06 - 41s/epoch - 637ms/step
Epoch 36/50
64/64 - 41s - loss: 0.1529 - accuracy: 0.9376 - val_loss: 0.1670 - val_accuracy: 0.9300 - lr: 2.8236e-06 - 41s/epoch - 634ms/step
Epoch 37/50
64/64 - 42s - loss: 0.1529 - accuracy: 0.9376 - val_loss: 0.1670 - val_accuracy: 0.9299 - lr: 1.8353e-06 - 42s/epoch - 649ms/step
Epoch 38/50
64/64 - 43s - loss: 0.1529 - accuracy: 0.9376 - val_loss: 0.1670 - val_accuracy: 0.9299 - lr: 1.1930e-06 - 43s/epoch - 666ms/step
Epoch 39/50
64/64 - 42s - loss: 0.1529 - accuracy: 0.9376 - val_loss: 0.1670 - val_accuracy: 0.9299 - lr: 1.0000e-06 - 42s/epoch - 651ms/step
Epoch 40/50
64/64 - 40s - loss: 0.1529 - accuracy: 0.9376 - val_loss: 0.1670 - val_accuracy: 0.9299 - lr: 1.0000e-06 - 40s/epoch - 632ms/step
Epoch 41/50
64/64 - 41s - loss: 0.1529 - accuracy: 0.9376 - val_loss: 0.1670 - val_accuracy: 0.9299 - lr: 1.0000e-06 - 41s/epoch - 634ms/step
Epoch 42/50
64/64 - 40s - loss: 0.1529 - accuracy: 0.9376 - val_loss: 0.1670 - val_accuracy: 0.9300 - lr: 1.0000e-06 - 40s/epoch - 631ms/step
Epoch 43/50
64/64 - 41s - loss: 0.1529 - accuracy: 0.9376 - val_loss: 0.1670 - val_accuracy: 0.9299 - lr: 1.0000e-06 - 41s/epoch - 634ms/step
Epoch 44/50
64/64 - 41s - loss: 0.1529 - accuracy: 0.9376 - val_loss: 0.1670 - val_accuracy: 0.9299 - lr: 1.0000e-06 - 41s/epoch - 638ms/step
Epoch 45/50
64/64 - 42s - loss: 0.1529 - accuracy: 0.9376 - val_loss: 0.1670 - val_accuracy: 0.9300 - lr: 1.0000e-06 - 42s/epoch - 649ms/step
Epoch 46/50
64/64 - 43s - loss: 0.1529 - accuracy: 0.9376 - val_loss: 0.1670 - val_accuracy: 0.9299 - lr: 1.0000e-06 - 43s/epoch - 671ms/step
Epoch 47/50
64/64 - 42s - loss: 0.1529 - accuracy: 0.9376 - val_loss: 0.1670 - val_accuracy: 0.9300 - lr: 1.0000e-06 - 42s/epoch - 664ms/step
Epoch 48/50
64/64 - 42s - loss: 0.1529 - accuracy: 0.9376 - val_loss: 0.1670 - val_accuracy: 0.9300 - lr: 1.0000e-06 - 42s/epoch - 656ms/step
Epoch 49/50
64/64 - 42s - loss: 0.1529 - accuracy: 0.9376 - val_loss: 0.1670 - val_accuracy: 0.9300 - lr: 1.0000e-06 - 42s/epoch - 651ms/step
Epoch 50/50
64/64 - 41s - loss: 0.1529 - accuracy: 0.9376 - val_loss: 0.1670 - val_accuracy: 0.9300 - lr: 1.0000e-06 - 41s/epoch - 647ms/step
[bench] d=5 p=0.010 seed=1  RCNN p_L=0.0681  MWPM=0.0483  (2068s, 51547 params)
Number of unique contributions: 13
Total number of fractions: 28
Total number of phases: 62
Total number of inverters: 0
Number of unique contributions: 13
Total number of fractions: 28
Total number of phases: 62
Total number of inverters: 0
Number of unique contributions: 13
Total number of fractions: 28
Total number of phases: 62
Total number of inverters: 0
Epoch 1/50
64/64 - 73s - loss: 0.5082 - accuracy: 0.7450 - val_loss: 0.4078 - val_accuracy: 0.8007 - lr: 0.0100 - 73s/epoch - 1s/step
Epoch 2/50
64/64 - 44s - loss: 0.3684 - accuracy: 0.8223 - val_loss: 0.3389 - val_accuracy: 0.8402 - lr: 0.0090 - 44s/epoch - 685ms/step
Epoch 3/50
64/64 - 41s - loss: 0.3208 - accuracy: 0.8516 - val_loss: 0.3030 - val_accuracy: 0.8603 - lr: 0.0080 - 41s/epoch - 646ms/step
Epoch 4/50
64/64 - 41s - loss: 0.2839 - accuracy: 0.8709 - val_loss: 0.2745 - val_accuracy: 0.8766 - lr: 0.0070 - 41s/epoch - 645ms/step
Epoch 5/50
64/64 - 41s - loss: 0.2560 - accuracy: 0.8850 - val_loss: 0.2526 - val_accuracy: 0.8877 - lr: 0.0060 - 41s/epoch - 643ms/step
Epoch 6/50
64/64 - 41s - loss: 0.2350 - accuracy: 0.8960 - val_loss: 0.2343 - val_accuracy: 0.8975 - lr: 0.0050 - 41s/epoch - 644ms/step
Epoch 7/50
64/64 - 42s - loss: 0.2192 - accuracy: 0.9042 - val_loss: 0.2210 - val_accuracy: 0.9031 - lr: 0.0040 - 42s/epoch - 654ms/step
Epoch 8/50
64/64 - 41s - loss: 0.2060 - accuracy: 0.9108 - val_loss: 0.2144 - val_accuracy: 0.9064 - lr: 0.0030 - 41s/epoch - 633ms/step
Epoch 9/50
64/64 - 42s - loss: 0.1977 - accuracy: 0.9149 - val_loss: 0.2078 - val_accuracy: 0.9097 - lr: 0.0020 - 42s/epoch - 660ms/step
Epoch 10/50
64/64 - 42s - loss: 0.1900 - accuracy: 0.9184 - val_loss: 0.2035 - val_accuracy: 0.9118 - lr: 0.0010 - 42s/epoch - 663ms/step
Epoch 11/50
64/64 - 42s - loss: 0.1864 - accuracy: 0.9204 - val_loss: 0.2019 - val_accuracy: 0.9127 - lr: 9.0000e-04 - 42s/epoch - 661ms/step
Epoch 12/50
64/64 - 41s - loss: 0.1838 - accuracy: 0.9218 - val_loss: 0.2001 - val_accuracy: 0.9133 - lr: 8.1000e-04 - 41s/epoch - 647ms/step
Epoch 13/50
64/64 - 41s - loss: 0.1816 - accuracy: 0.9229 - val_loss: 0.1984 - val_accuracy: 0.9144 - lr: 7.2900e-04 - 41s/epoch - 647ms/step
Epoch 14/50
64/64 - 41s - loss: 0.1794 - accuracy: 0.9240 - val_loss: 0.1976 - val_accuracy: 0.9145 - lr: 6.5610e-04 - 41s/epoch - 648ms/step
Epoch 15/50
64/64 - 41s - loss: 0.1777 - accuracy: 0.9248 - val_loss: 0.1967 - val_accuracy: 0.9151 - lr: 5.9049e-04 - 41s/epoch - 646ms/step
Epoch 16/50
64/64 - 42s - loss: 0.1762 - accuracy: 0.9255 - val_loss: 0.1957 - val_accuracy: 0.9156 - lr: 5.3144e-04 - 42s/epoch - 657ms/step
Epoch 17/50
64/64 - 42s - loss: 0.1747 - accuracy: 0.9264 - val_loss: 0.1952 - val_accuracy: 0.9159 - lr: 4.7830e-04 - 42s/epoch - 655ms/step
Epoch 18/50
64/64 - 42s - loss: 0.1735 - accuracy: 0.9269 - val_loss: 0.1946 - val_accuracy: 0.9162 - lr: 4.3047e-04 - 42s/epoch - 663ms/step
Epoch 19/50
64/64 - 42s - loss: 0.1725 - accuracy: 0.9274 - val_loss: 0.1939 - val_accuracy: 0.9165 - lr: 3.8742e-04 - 42s/epoch - 662ms/step
Epoch 20/50
64/64 - 41s - loss: 0.1715 - accuracy: 0.9277 - val_loss: 0.1936 - val_accuracy: 0.9168 - lr: 3.4868e-04 - 41s/epoch - 642ms/step
Epoch 21/50
64/64 - 41s - loss: 0.1704 - accuracy: 0.9284 - val_loss: 0.1936 - val_accuracy: 0.9172 - lr: 2.7894e-04 - 41s/epoch - 638ms/step
Epoch 22/50
64/64 - 42s - loss: 0.1697 - accuracy: 0.9287 - val_loss: 0.1931 - val_accuracy: 0.9171 - lr: 2.2315e-04 - 42s/epoch - 651ms/step
Epoch 23/50
64/64 - 42s - loss: 0.1690 - accuracy: 0.9291 - val_loss: 0.1928 - val_accuracy: 0.9174 - lr: 1.7852e-04 - 42s/epoch - 655ms/step
Epoch 24/50
64/64 - 41s - loss: 0.1684 - accuracy: 0.9293 - val_loss: 0.1929 - val_accuracy: 0.9175 - lr: 1.4282e-04 - 41s/epoch - 648ms/step
Epoch 25/50
64/64 - 42s - loss: 0.1680 - accuracy: 0.9295 - val_loss: 0.1926 - val_accuracy: 0.9175 - lr: 1.1425e-04 - 42s/epoch - 650ms/step
Epoch 26/50
64/64 - 42s - loss: 0.1676 - accuracy: 0.9297 - val_loss: 0.1925 - val_accuracy: 0.9177 - lr: 9.1404e-05 - 42s/epoch - 649ms/step
Epoch 27/50
64/64 - 41s - loss: 0.1673 - accuracy: 0.9298 - val_loss: 0.1926 - val_accuracy: 0.9176 - lr: 7.3123e-05 - 41s/epoch - 644ms/step
Epoch 28/50
64/64 - 42s - loss: 0.1671 - accuracy: 0.9300 - val_loss: 0.1924 - val_accuracy: 0.9176 - lr: 5.8499e-05 - 42s/epoch - 653ms/step
Epoch 29/50
64/64 - 42s - loss: 0.1670 - accuracy: 0.9301 - val_loss: 0.1925 - val_accuracy: 0.9177 - lr: 4.6799e-05 - 42s/epoch - 658ms/step
Epoch 30/50
64/64 - 43s - loss: 0.1668 - accuracy: 0.9301 - val_loss: 0.1924 - val_accuracy: 0.9176 - lr: 3.7439e-05 - 43s/epoch - 669ms/step
Epoch 31/50
64/64 - 43s - loss: 0.1666 - accuracy: 0.9302 - val_loss: 0.1924 - val_accuracy: 0.9178 - lr: 2.4335e-05 - 43s/epoch - 671ms/step
Epoch 32/50
64/64 - 43s - loss: 0.1665 - accuracy: 0.9303 - val_loss: 0.1923 - val_accuracy: 0.9177 - lr: 1.5818e-05 - 43s/epoch - 673ms/step
Epoch 33/50
64/64 - 43s - loss: 0.1665 - accuracy: 0.9303 - val_loss: 0.1923 - val_accuracy: 0.9178 - lr: 1.0282e-05 - 43s/epoch - 665ms/step
Epoch 34/50
64/64 - 42s - loss: 0.1664 - accuracy: 0.9303 - val_loss: 0.1923 - val_accuracy: 0.9179 - lr: 6.6831e-06 - 42s/epoch - 657ms/step
Epoch 35/50
64/64 - 41s - loss: 0.1664 - accuracy: 0.9303 - val_loss: 0.1923 - val_accuracy: 0.9179 - lr: 4.3440e-06 - 41s/epoch - 644ms/step
Epoch 36/50
64/64 - 41s - loss: 0.1664 - accuracy: 0.9304 - val_loss: 0.1923 - val_accuracy: 0.9179 - lr: 2.8236e-06 - 41s/epoch - 648ms/step
Epoch 37/50
64/64 - 43s - loss: 0.1664 - accuracy: 0.9304 - val_loss: 0.1923 - val_accuracy: 0.9179 - lr: 1.8353e-06 - 43s/epoch - 679ms/step
Epoch 38/50
64/64 - 42s - loss: 0.1664 - accuracy: 0.9304 - val_loss: 0.1923 - val_accuracy: 0.9179 - lr: 1.1930e-06 - 42s/epoch - 664ms/step
Epoch 39/50
64/64 - 41s - loss: 0.1664 - accuracy: 0.9304 - val_loss: 0.1923 - val_accuracy: 0.9178 - lr: 1.0000e-06 - 41s/epoch - 637ms/step
Epoch 40/50
64/64 - 41s - loss: 0.1664 - accuracy: 0.9304 - val_loss: 0.1923 - val_accuracy: 0.9179 - lr: 1.0000e-06 - 41s/epoch - 643ms/step
Epoch 41/50
64/64 - 41s - loss: 0.1664 - accuracy: 0.9304 - val_loss: 0.1923 - val_accuracy: 0.9178 - lr: 1.0000e-06 - 41s/epoch - 642ms/step
Epoch 42/50
64/64 - 41s - loss: 0.1664 - accuracy: 0.9304 - val_loss: 0.1923 - val_accuracy: 0.9178 - lr: 1.0000e-06 - 41s/epoch - 634ms/step
Epoch 43/50
64/64 - 41s - loss: 0.1664 - accuracy: 0.9304 - val_loss: 0.1923 - val_accuracy: 0.9178 - lr: 1.0000e-06 - 41s/epoch - 644ms/step
Epoch 44/50
64/64 - 41s - loss: 0.1664 - accuracy: 0.9304 - val_loss: 0.1923 - val_accuracy: 0.9178 - lr: 1.0000e-06 - 41s/epoch - 641ms/step
Epoch 45/50
64/64 - 41s - loss: 0.1664 - accuracy: 0.9304 - val_loss: 0.1923 - val_accuracy: 0.9178 - lr: 1.0000e-06 - 41s/epoch - 641ms/step
Epoch 46/50
64/64 - 42s - loss: 0.1664 - accuracy: 0.9304 - val_loss: 0.1923 - val_accuracy: 0.9178 - lr: 1.0000e-06 - 42s/epoch - 651ms/step
Epoch 47/50
64/64 - 42s - loss: 0.1664 - accuracy: 0.9304 - val_loss: 0.1923 - val_accuracy: 0.9178 - lr: 1.0000e-06 - 42s/epoch - 654ms/step
Epoch 48/50
64/64 - 42s - loss: 0.1663 - accuracy: 0.9304 - val_loss: 0.1923 - val_accuracy: 0.9179 - lr: 1.0000e-06 - 42s/epoch - 652ms/step
Epoch 49/50
64/64 - 41s - loss: 0.1663 - accuracy: 0.9304 - val_loss: 0.1923 - val_accuracy: 0.9178 - lr: 1.0000e-06 - 41s/epoch - 643ms/step
Epoch 50/50
64/64 - 40s - loss: 0.1663 - accuracy: 0.9304 - val_loss: 0.1923 - val_accuracy: 0.9178 - lr: 1.0000e-06 - 40s/epoch - 631ms/step
[bench] d=5 p=0.010 seed=2  RCNN p_L=0.0811  MWPM=0.0483  (2117s, 51547 params)
Number of unique contributions: 13
Total number of fractions: 28
Total number of phases: 62
Total number of inverters: 0
Number of unique contributions: 13
Total number of fractions: 28
Total number of phases: 62
Total number of inverters: 0
Number of unique contributions: 13
Total number of fractions: 28
Total number of phases: 62
Total number of inverters: 0
Epoch 1/50
64/64 - 73s - loss: 0.5316 - accuracy: 0.7329 - val_loss: 0.4309 - val_accuracy: 0.7870 - lr: 0.0100 - 73s/epoch - 1s/step
Epoch 2/50
64/64 - 43s - loss: 0.3799 - accuracy: 0.8153 - val_loss: 0.3433 - val_accuracy: 0.8377 - lr: 0.0090 - 43s/epoch - 678ms/step
Epoch 3/50
64/64 - 41s - loss: 0.3224 - accuracy: 0.8511 - val_loss: 0.3044 - val_accuracy: 0.8598 - lr: 0.0080 - 41s/epoch - 639ms/step
Epoch 4/50
64/64 - 41s - loss: 0.2852 - accuracy: 0.8701 - val_loss: 0.2719 - val_accuracy: 0.8769 - lr: 0.0070 - 41s/epoch - 647ms/step
Epoch 5/50
64/64 - 42s - loss: 0.2560 - accuracy: 0.8859 - val_loss: 0.2496 - val_accuracy: 0.8888 - lr: 0.0060 - 42s/epoch - 654ms/step
Epoch 6/50
64/64 - 41s - loss: 0.2354 - accuracy: 0.8965 - val_loss: 0.2361 - val_accuracy: 0.8965 - lr: 0.0050 - 41s/epoch - 641ms/step
Epoch 7/50
64/64 - 41s - loss: 0.2209 - accuracy: 0.9040 - val_loss: 0.2239 - val_accuracy: 0.9022 - lr: 0.0040 - 41s/epoch - 647ms/step
Epoch 8/50
64/64 - 42s - loss: 0.2093 - accuracy: 0.9096 - val_loss: 0.2151 - val_accuracy: 0.9069 - lr: 0.0030 - 42s/epoch - 648ms/step
Epoch 9/50
64/64 - 42s - loss: 0.1990 - accuracy: 0.9149 - val_loss: 0.2091 - val_accuracy: 0.9097 - lr: 0.0020 - 42s/epoch - 658ms/step
Epoch 10/50
64/64 - 41s - loss: 0.1922 - accuracy: 0.9180 - val_loss: 0.2042 - val_accuracy: 0.9116 - lr: 0.0010 - 41s/epoch - 640ms/step
Epoch 11/50
64/64 - 41s - loss: 0.1890 - accuracy: 0.9198 - val_loss: 0.2039 - val_accuracy: 0.9121 - lr: 9.0000e-04 - 41s/epoch - 638ms/step
Epoch 12/50
64/64 - 41s - loss: 0.1870 - accuracy: 0.9206 - val_loss: 0.2017 - val_accuracy: 0.9135 - lr: 8.1000e-04 - 41s/epoch - 645ms/step
Epoch 13/50
64/64 - 43s - loss: 0.1843 - accuracy: 0.9219 - val_loss: 0.2014 - val_accuracy: 0.9139 - lr: 7.2900e-04 - 43s/epoch - 670ms/step
Epoch 14/50
64/64 - 44s - loss: 0.1822 - accuracy: 0.9231 - val_loss: 0.1997 - val_accuracy: 0.9144 - lr: 6.5610e-04 - 44s/epoch - 692ms/step
Epoch 15/50
64/64 - 43s - loss: 0.1814 - accuracy: 0.9235 - val_loss: 0.1981 - val_accuracy: 0.9150 - lr: 5.9049e-04 - 43s/epoch - 677ms/step
Epoch 16/50
64/64 - 43s - loss: 0.1789 - accuracy: 0.9247 - val_loss: 0.1972 - val_accuracy: 0.9158 - lr: 5.3144e-04 - 43s/epoch - 672ms/step
Epoch 17/50
64/64 - 43s - loss: 0.1776 - accuracy: 0.9254 - val_loss: 0.1966 - val_accuracy: 0.9162 - lr: 4.7830e-04 - 43s/epoch - 671ms/step
Epoch 18/50
64/64 - 44s - loss: 0.1763 - accuracy: 0.9259 - val_loss: 0.1957 - val_accuracy: 0.9163 - lr: 4.3047e-04 - 44s/epoch - 687ms/step
Epoch 19/50
64/64 - 42s - loss: 0.1751 - accuracy: 0.9266 - val_loss: 0.1951 - val_accuracy: 0.9168 - lr: 3.8742e-04 - 42s/epoch - 649ms/step
Epoch 20/50
64/64 - 41s - loss: 0.1741 - accuracy: 0.9271 - val_loss: 0.1944 - val_accuracy: 0.9171 - lr: 3.4868e-04 - 41s/epoch - 637ms/step
Epoch 21/50
64/64 - 42s - loss: 0.1731 - accuracy: 0.9277 - val_loss: 0.1944 - val_accuracy: 0.9173 - lr: 2.7894e-04 - 42s/epoch - 654ms/step
Epoch 22/50
64/64 - 44s - loss: 0.1722 - accuracy: 0.9279 - val_loss: 0.1937 - val_accuracy: 0.9172 - lr: 2.2315e-04 - 44s/epoch - 684ms/step
Epoch 23/50
64/64 - 41s - loss: 0.1716 - accuracy: 0.9284 - val_loss: 0.1933 - val_accuracy: 0.9174 - lr: 1.7852e-04 - 41s/epoch - 639ms/step
Epoch 24/50
64/64 - 41s - loss: 0.1710 - accuracy: 0.9287 - val_loss: 0.1932 - val_accuracy: 0.9176 - lr: 1.4282e-04 - 41s/epoch - 642ms/step
Epoch 25/50
64/64 - 41s - loss: 0.1706 - accuracy: 0.9288 - val_loss: 0.1933 - val_accuracy: 0.9173 - lr: 1.1425e-04 - 41s/epoch - 648ms/step
Epoch 26/50
64/64 - 42s - loss: 0.1702 - accuracy: 0.9290 - val_loss: 0.1929 - val_accuracy: 0.9178 - lr: 9.1404e-05 - 42s/epoch - 649ms/step
Epoch 27/50
64/64 - 41s - loss: 0.1699 - accuracy: 0.9291 - val_loss: 0.1930 - val_accuracy: 0.9178 - lr: 7.3123e-05 - 41s/epoch - 643ms/step
Epoch 28/50
64/64 - 43s - loss: 0.1697 - accuracy: 0.9293 - val_loss: 0.1928 - val_accuracy: 0.9178 - lr: 5.8499e-05 - 43s/epoch - 670ms/step
Epoch 29/50
64/64 - 42s - loss: 0.1695 - accuracy: 0.9294 - val_loss: 0.1927 - val_accuracy: 0.9178 - lr: 4.6799e-05 - 42s/epoch - 652ms/step
Epoch 30/50
64/64 - 42s - loss: 0.1693 - accuracy: 0.9295 - val_loss: 0.1927 - val_accuracy: 0.9178 - lr: 3.7439e-05 - 42s/epoch - 664ms/step
Epoch 31/50
64/64 - 41s - loss: 0.1692 - accuracy: 0.9296 - val_loss: 0.1927 - val_accuracy: 0.9179 - lr: 2.4335e-05 - 41s/epoch - 647ms/step
Epoch 32/50
64/64 - 41s - loss: 0.1691 - accuracy: 0.9296 - val_loss: 0.1927 - val_accuracy: 0.9178 - lr: 1.5818e-05 - 41s/epoch - 637ms/step
Epoch 33/50
64/64 - 41s - loss: 0.1690 - accuracy: 0.9297 - val_loss: 0.1926 - val_accuracy: 0.9179 - lr: 1.0282e-05 - 41s/epoch - 647ms/step
Epoch 34/50
64/64 - 41s - loss: 0.1690 - accuracy: 0.9297 - val_loss: 0.1926 - val_accuracy: 0.9179 - lr: 6.6831e-06 - 41s/epoch - 639ms/step
Epoch 35/50
64/64 - 41s - loss: 0.1689 - accuracy: 0.9297 - val_loss: 0.1926 - val_accuracy: 0.9178 - lr: 4.3440e-06 - 41s/epoch - 640ms/step
Epoch 36/50
64/64 - 41s - loss: 0.1689 - accuracy: 0.9297 - val_loss: 0.1926 - val_accuracy: 0.9178 - lr: 2.8236e-06 - 41s/epoch - 641ms/step
Epoch 37/50
64/64 - 41s - loss: 0.1689 - accuracy: 0.9297 - val_loss: 0.1926 - val_accuracy: 0.9179 - lr: 1.8353e-06 - 41s/epoch - 638ms/step
Epoch 38/50
64/64 - 42s - loss: 0.1689 - accuracy: 0.9297 - val_loss: 0.1926 - val_accuracy: 0.9178 - lr: 1.1930e-06 - 42s/epoch - 652ms/step
Epoch 39/50
64/64 - 41s - loss: 0.1689 - accuracy: 0.9297 - val_loss: 0.1926 - val_accuracy: 0.9179 - lr: 1.0000e-06 - 41s/epoch - 644ms/step
Epoch 40/50
64/64 - 41s - loss: 0.1689 - accuracy: 0.9297 - val_loss: 0.1926 - val_accuracy: 0.9178 - lr: 1.0000e-06 - 41s/epoch - 646ms/step
Epoch 41/50
64/64 - 43s - loss: 0.1689 - accuracy: 0.9297 - val_loss: 0.1926 - val_accuracy: 0.9179 - lr: 1.0000e-06 - 43s/epoch - 669ms/step
Epoch 42/50
64/64 - 42s - loss: 0.1689 - accuracy: 0.9297 - val_loss: 0.1926 - val_accuracy: 0.9179 - lr: 1.0000e-06 - 42s/epoch - 652ms/step
Epoch 43/50
64/64 - 41s - loss: 0.1689 - accuracy: 0.9297 - val_loss: 0.1926 - val_accuracy: 0.9179 - lr: 1.0000e-06 - 41s/epoch - 639ms/step
Epoch 44/50
64/64 - 41s - loss: 0.1689 - accuracy: 0.9297 - val_loss: 0.1926 - val_accuracy: 0.9179 - lr: 1.0000e-06 - 41s/epoch - 643ms/step
Epoch 45/50
64/64 - 41s - loss: 0.1689 - accuracy: 0.9297 - val_loss: 0.1926 - val_accuracy: 0.9179 - lr: 1.0000e-06 - 41s/epoch - 643ms/step
Epoch 46/50
64/64 - 41s - loss: 0.1689 - accuracy: 0.9297 - val_loss: 0.1926 - val_accuracy: 0.9179 - lr: 1.0000e-06 - 41s/epoch - 646ms/step
Epoch 47/50
64/64 - 42s - loss: 0.1689 - accuracy: 0.9297 - val_loss: 0.1926 - val_accuracy: 0.9179 - lr: 1.0000e-06 - 42s/epoch - 653ms/step
Epoch 48/50
64/64 - 42s - loss: 0.1689 - accuracy: 0.9297 - val_loss: 0.1926 - val_accuracy: 0.9179 - lr: 1.0000e-06 - 42s/epoch - 662ms/step
Epoch 49/50
64/64 - 41s - loss: 0.1689 - accuracy: 0.9297 - val_loss: 0.1926 - val_accuracy: 0.9179 - lr: 1.0000e-06 - 41s/epoch - 639ms/step
Epoch 50/50
64/64 - 43s - loss: 0.1689 - accuracy: 0.9297 - val_loss: 0.1926 - val_accuracy: 0.9179 - lr: 1.0000e-06 - 43s/epoch - 671ms/step
[bench] d=5 p=0.010 seed=3  RCNN p_L=0.0801  MWPM=0.0483  (2121s, 51547 params)
Number of unique contributions: 13
Total number of fractions: 28
Total number of phases: 62
Total number of inverters: 0
Number of unique contributions: 13
Total number of fractions: 28
Total number of phases: 62
Total number of inverters: 0
Number of unique contributions: 13
Total number of fractions: 28
Total number of phases: 62
Total number of inverters: 0
Epoch 1/50
64/64 - 74s - loss: 0.5006 - accuracy: 0.7493 - val_loss: 0.4120 - val_accuracy: 0.7983 - lr: 0.0100 - 74s/epoch - 1s/step
Epoch 2/50
64/64 - 43s - loss: 0.3596 - accuracy: 0.8283 - val_loss: 0.3261 - val_accuracy: 0.8489 - lr: 0.0090 - 43s/epoch - 679ms/step
Epoch 3/50
64/64 - 42s - loss: 0.3022 - accuracy: 0.8608 - val_loss: 0.2818 - val_accuracy: 0.8712 - lr: 0.0080 - 42s/epoch - 651ms/step
Epoch 4/50
64/64 - 41s - loss: 0.2594 - accuracy: 0.8834 - val_loss: 0.2457 - val_accuracy: 0.8910 - lr: 0.0070 - 41s/epoch - 638ms/step
Epoch 5/50
64/64 - 42s - loss: 0.2254 - accuracy: 0.9015 - val_loss: 0.2177 - val_accuracy: 0.9058 - lr: 0.0060 - 42s/epoch - 658ms/step
Epoch 6/50
64/64 - 43s - loss: 0.1984 - accuracy: 0.9155 - val_loss: 0.1975 - val_accuracy: 0.9158 - lr: 0.0050 - 43s/epoch - 672ms/step
Epoch 7/50
64/64 - 42s - loss: 0.1828 - accuracy: 0.9230 - val_loss: 0.1816 - val_accuracy: 0.9234 - lr: 0.0040 - 42s/epoch - 656ms/step
Epoch 8/50
64/64 - 42s - loss: 0.1681 - accuracy: 0.9302 - val_loss: 0.1743 - val_accuracy: 0.9279 - lr: 0.0030 - 42s/epoch - 655ms/step
Epoch 9/50
64/64 - 42s - loss: 0.1592 - accuracy: 0.9345 - val_loss: 0.1678 - val_accuracy: 0.9299 - lr: 0.0020 - 42s/epoch - 663ms/step
Epoch 10/50
64/64 - 41s - loss: 0.1534 - accuracy: 0.9374 - val_loss: 0.1648 - val_accuracy: 0.9318 - lr: 0.0010 - 41s/epoch - 647ms/step
Epoch 11/50
64/64 - 42s - loss: 0.1506 - accuracy: 0.9386 - val_loss: 0.1635 - val_accuracy: 0.9324 - lr: 9.0000e-04 - 42s/epoch - 650ms/step
Epoch 12/50
64/64 - 43s - loss: 0.1487 - accuracy: 0.9396 - val_loss: 0.1624 - val_accuracy: 0.9331 - lr: 8.1000e-04 - 43s/epoch - 673ms/step
Epoch 13/50
64/64 - 43s - loss: 0.1470 - accuracy: 0.9405 - val_loss: 0.1616 - val_accuracy: 0.9332 - lr: 7.2900e-04 - 43s/epoch - 674ms/step
Epoch 14/50
64/64 - 44s - loss: 0.1454 - accuracy: 0.9412 - val_loss: 0.1609 - val_accuracy: 0.9336 - lr: 6.5610e-04 - 44s/epoch - 690ms/step
Epoch 15/50
64/64 - 43s - loss: 0.1440 - accuracy: 0.9420 - val_loss: 0.1599 - val_accuracy: 0.9341 - lr: 5.9049e-04 - 43s/epoch - 679ms/step
Epoch 16/50
64/64 - 45s - loss: 0.1427 - accuracy: 0.9426 - val_loss: 0.1596 - val_accuracy: 0.9346 - lr: 5.3144e-04 - 45s/epoch - 697ms/step
Epoch 17/50
64/64 - 44s - loss: 0.1417 - accuracy: 0.9429 - val_loss: 0.1590 - val_accuracy: 0.9348 - lr: 4.7830e-04 - 44s/epoch - 691ms/step
Epoch 18/50
64/64 - 44s - loss: 0.1407 - accuracy: 0.9434 - val_loss: 0.1589 - val_accuracy: 0.9350 - lr: 4.3047e-04 - 44s/epoch - 680ms/step
Epoch 19/50
64/64 - 43s - loss: 0.1399 - accuracy: 0.9438 - val_loss: 0.1585 - val_accuracy: 0.9350 - lr: 3.8742e-04 - 43s/epoch - 669ms/step
Epoch 20/50
64/64 - 42s - loss: 0.1392 - accuracy: 0.9441 - val_loss: 0.1584 - val_accuracy: 0.9353 - lr: 3.4868e-04 - 42s/epoch - 662ms/step
Epoch 21/50
64/64 - 43s - loss: 0.1384 - accuracy: 0.9445 - val_loss: 0.1583 - val_accuracy: 0.9354 - lr: 2.7894e-04 - 43s/epoch - 673ms/step
Epoch 22/50
64/64 - 43s - loss: 0.1378 - accuracy: 0.9448 - val_loss: 0.1579 - val_accuracy: 0.9354 - lr: 2.2315e-04 - 43s/epoch - 672ms/step
Epoch 23/50
64/64 - 43s - loss: 0.1373 - accuracy: 0.9450 - val_loss: 0.1579 - val_accuracy: 0.9356 - lr: 1.7852e-04 - 43s/epoch - 677ms/step
Epoch 24/50
64/64 - 43s - loss: 0.1369 - accuracy: 0.9451 - val_loss: 0.1577 - val_accuracy: 0.9357 - lr: 1.4282e-04 - 43s/epoch - 668ms/step
Epoch 25/50
64/64 - 42s - loss: 0.1366 - accuracy: 0.9454 - val_loss: 0.1577 - val_accuracy: 0.9356 - lr: 1.1425e-04 - 42s/epoch - 659ms/step
Epoch 26/50
64/64 - 42s - loss: 0.1363 - accuracy: 0.9454 - val_loss: 0.1576 - val_accuracy: 0.9354 - lr: 9.1404e-05 - 42s/epoch - 656ms/step
Epoch 27/50
64/64 - 42s - loss: 0.1361 - accuracy: 0.9455 - val_loss: 0.1576 - val_accuracy: 0.9358 - lr: 7.3123e-05 - 42s/epoch - 650ms/step
Epoch 28/50
64/64 - 43s - loss: 0.1359 - accuracy: 0.9456 - val_loss: 0.1576 - val_accuracy: 0.9356 - lr: 5.8499e-05 - 43s/epoch - 668ms/step
Epoch 29/50
64/64 - 43s - loss: 0.1358 - accuracy: 0.9457 - val_loss: 0.1575 - val_accuracy: 0.9356 - lr: 4.6799e-05 - 43s/epoch - 673ms/step
Epoch 30/50
64/64 - 42s - loss: 0.1357 - accuracy: 0.9457 - val_loss: 0.1575 - val_accuracy: 0.9356 - lr: 3.7439e-05 - 42s/epoch - 659ms/step
Epoch 31/50
64/64 - 42s - loss: 0.1356 - accuracy: 0.9457 - val_loss: 0.1575 - val_accuracy: 0.9357 - lr: 2.4335e-05 - 42s/epoch - 656ms/step
Epoch 32/50
64/64 - 43s - loss: 0.1355 - accuracy: 0.9457 - val_loss: 0.1575 - val_accuracy: 0.9357 - lr: 1.5818e-05 - 43s/epoch - 672ms/step
Epoch 33/50
64/64 - 43s - loss: 0.1354 - accuracy: 0.9458 - val_loss: 0.1575 - val_accuracy: 0.9356 - lr: 1.0282e-05 - 43s/epoch - 667ms/step
Epoch 34/50
64/64 - 42s - loss: 0.1354 - accuracy: 0.9458 - val_loss: 0.1575 - val_accuracy: 0.9356 - lr: 6.6831e-06 - 42s/epoch - 656ms/step
Epoch 35/50
64/64 - 42s - loss: 0.1354 - accuracy: 0.9458 - val_loss: 0.1575 - val_accuracy: 0.9356 - lr: 4.3440e-06 - 42s/epoch - 652ms/step
Epoch 36/50
64/64 - 42s - loss: 0.1354 - accuracy: 0.9458 - val_loss: 0.1575 - val_accuracy: 0.9356 - lr: 2.8236e-06 - 42s/epoch - 659ms/step
Epoch 37/50
64/64 - 42s - loss: 0.1354 - accuracy: 0.9458 - val_loss: 0.1575 - val_accuracy: 0.9356 - lr: 1.8353e-06 - 42s/epoch - 660ms/step
Epoch 38/50
64/64 - 42s - loss: 0.1354 - accuracy: 0.9458 - val_loss: 0.1575 - val_accuracy: 0.9356 - lr: 1.1930e-06 - 42s/epoch - 657ms/step
Epoch 39/50
64/64 - 42s - loss: 0.1353 - accuracy: 0.9458 - val_loss: 0.1575 - val_accuracy: 0.9356 - lr: 1.0000e-06 - 42s/epoch - 651ms/step
Epoch 40/50
64/64 - 43s - loss: 0.1353 - accuracy: 0.9458 - val_loss: 0.1575 - val_accuracy: 0.9356 - lr: 1.0000e-06 - 43s/epoch - 666ms/step
Epoch 41/50
64/64 - 42s - loss: 0.1353 - accuracy: 0.9458 - val_loss: 0.1575 - val_accuracy: 0.9356 - lr: 1.0000e-06 - 42s/epoch - 660ms/step
Epoch 42/50
64/64 - 42s - loss: 0.1353 - accuracy: 0.9458 - val_loss: 0.1575 - val_accuracy: 0.9356 - lr: 1.0000e-06 - 42s/epoch - 654ms/step
Epoch 43/50
64/64 - 43s - loss: 0.1353 - accuracy: 0.9458 - val_loss: 0.1575 - val_accuracy: 0.9356 - lr: 1.0000e-06 - 43s/epoch - 668ms/step
Epoch 44/50
64/64 - 42s - loss: 0.1353 - accuracy: 0.9458 - val_loss: 0.1575 - val_accuracy: 0.9356 - lr: 1.0000e-06 - 42s/epoch - 661ms/step
Epoch 45/50
64/64 - 42s - loss: 0.1353 - accuracy: 0.9458 - val_loss: 0.1575 - val_accuracy: 0.9356 - lr: 1.0000e-06 - 42s/epoch - 653ms/step
Epoch 46/50
64/64 - 41s - loss: 0.1353 - accuracy: 0.9458 - val_loss: 0.1575 - val_accuracy: 0.9356 - lr: 1.0000e-06 - 41s/epoch - 642ms/step
Epoch 47/50
64/64 - 41s - loss: 0.1353 - accuracy: 0.9459 - val_loss: 0.1575 - val_accuracy: 0.9356 - lr: 1.0000e-06 - 41s/epoch - 646ms/step
Epoch 48/50
64/64 - 42s - loss: 0.1353 - accuracy: 0.9458 - val_loss: 0.1575 - val_accuracy: 0.9356 - lr: 1.0000e-06 - 42s/epoch - 649ms/step
Epoch 49/50
64/64 - 41s - loss: 0.1353 - accuracy: 0.9458 - val_loss: 0.1575 - val_accuracy: 0.9356 - lr: 1.0000e-06 - 41s/epoch - 641ms/step
Epoch 50/50
64/64 - 42s - loss: 0.1353 - accuracy: 0.9458 - val_loss: 0.1575 - val_accuracy: 0.9356 - lr: 1.0000e-06 - 42s/epoch - 651ms/step
[bench] d=5 p=0.010 seed=4  RCNN p_L=0.0632  MWPM=0.0483  (2153s, 51547 params)
[bench] === d=5 p=0.010: RCNN p_L = 0.0751 ± 0.0089  (n=5 seeds)  | MWPM 0.0483 ===
[bench] results -> results/lrfloor.csv
=== LR-FLOOR vs ANCHOR SUMMARY 03:26:04 ===
per-seed (NOTE: same-seed not reproducible, so seed labels do NOT carry trajectory identity)
'seed  anchor_bv  floor_bv | anchor_pL floor_pL'
   0   0.1717    0.1958  |  0.0699   0.0831
   1   0.1538    0.1670  |  0.0606   0.0681
   2   0.1752    0.1923  |  0.0718   0.0811
   3   0.2137    0.1926  |  0.0925   0.0801
   4   0.1842    0.1575  |  0.0773   0.0632

--- ORDER STATISTICS (the valid test: did the WORST pull in while the BEST held?) ---
best_val sorted  anchor: [0.1538, 0.1717, 0.1752, 0.1842, 0.2137]
best_val sorted  floor : [0.1575, 0.167, 0.1923, 0.1926, 0.1958]
  best(min): anchor 0.1538 -> floor 0.1575   (should HOLD if pure stability fix)
  worst(max):anchor 0.2137 -> floor 0.1958   (should DROP if laggards rescued)
  best_val:  mean 0.1797->0.1810  std 0.0220->0.0176
  p_L:       mean 0.0744->0.0751  std 0.0118->0.0089

VERDICT: bottom moved +0.0037, top moved -0.0179
  -> STABILITY FIX (compress from bottom)
