Number of unique contributions: 13
Total number of fractions: 28
Total number of phases: 62
Total number of inverters: 0
Number of unique contributions: 13
Total number of fractions: 28
Total number of phases: 62
Total number of inverters: 0
Number of unique contributions: 13
Total number of fractions: 28
Total number of phases: 62
Total number of inverters: 0
Epoch 1/50
64/64 - 71s - loss: 0.5348 - accuracy: 0.7288 - val_loss: 0.4304 - val_accuracy: 0.7824 - lr: 0.0100 - 71s/epoch - 1s/step
Epoch 2/50
64/64 - 37s - loss: 0.3934 - accuracy: 0.8065 - val_loss: 0.3611 - val_accuracy: 0.8295 - lr: 0.0090 - 37s/epoch - 573ms/step
Epoch 3/50
64/64 - 39s - loss: 0.3427 - accuracy: 0.8385 - val_loss: 0.3355 - val_accuracy: 0.8415 - lr: 0.0080 - 39s/epoch - 612ms/step
Epoch 4/50
64/64 - 35s - loss: 0.3109 - accuracy: 0.8564 - val_loss: 0.2894 - val_accuracy: 0.8693 - lr: 0.0070 - 35s/epoch - 542ms/step
Epoch 5/50
64/64 - 37s - loss: 0.2651 - accuracy: 0.8811 - val_loss: 0.2504 - val_accuracy: 0.8894 - lr: 0.0060 - 37s/epoch - 583ms/step
Epoch 6/50
64/64 - 44s - loss: 0.2282 - accuracy: 0.9004 - val_loss: 0.2200 - val_accuracy: 0.9047 - lr: 0.0050 - 44s/epoch - 684ms/step
Epoch 7/50
64/64 - 46s - loss: 0.2002 - accuracy: 0.9144 - val_loss: 0.1974 - val_accuracy: 0.9156 - lr: 0.0040 - 46s/epoch - 716ms/step
Epoch 8/50
64/64 - 42s - loss: 0.1829 - accuracy: 0.9231 - val_loss: 0.1883 - val_accuracy: 0.9210 - lr: 0.0030 - 42s/epoch - 661ms/step
Epoch 9/50
64/64 - 40s - loss: 0.1714 - accuracy: 0.9286 - val_loss: 0.1769 - val_accuracy: 0.9261 - lr: 0.0020 - 40s/epoch - 618ms/step
Epoch 10/50
64/64 - 41s - loss: 0.1633 - accuracy: 0.9326 - val_loss: 0.1732 - val_accuracy: 0.9278 - lr: 0.0010 - 41s/epoch - 642ms/step
Epoch 11/50
64/64 - 44s - loss: 0.1599 - accuracy: 0.9344 - val_loss: 0.1712 - val_accuracy: 0.9291 - lr: 9.0000e-04 - 44s/epoch - 680ms/step
Epoch 12/50
64/64 - 42s - loss: 0.1573 - accuracy: 0.9356 - val_loss: 0.1697 - val_accuracy: 0.9300 - lr: 8.1000e-04 - 42s/epoch - 650ms/step
Epoch 13/50
64/64 - 43s - loss: 0.1550 - accuracy: 0.9366 - val_loss: 0.1678 - val_accuracy: 0.9305 - lr: 7.2900e-04 - 43s/epoch - 666ms/step
Epoch 14/50
64/64 - 39s - loss: 0.1532 - accuracy: 0.9375 - val_loss: 0.1667 - val_accuracy: 0.9318 - lr: 6.5610e-04 - 39s/epoch - 616ms/step
Epoch 15/50
64/64 - 41s - loss: 0.1514 - accuracy: 0.9383 - val_loss: 0.1658 - val_accuracy: 0.9320 - lr: 5.9049e-04 - 41s/epoch - 637ms/step
Epoch 16/50
64/64 - 45s - loss: 0.1503 - accuracy: 0.9388 - val_loss: 0.1658 - val_accuracy: 0.9320 - lr: 5.3144e-04 - 45s/epoch - 706ms/step
Epoch 17/50
64/64 - 41s - loss: 0.1494 - accuracy: 0.9392 - val_loss: 0.1642 - val_accuracy: 0.9326 - lr: 4.7830e-04 - 41s/epoch - 634ms/step
Epoch 18/50
64/64 - 42s - loss: 0.1480 - accuracy: 0.9398 - val_loss: 0.1635 - val_accuracy: 0.9329 - lr: 4.3047e-04 - 42s/epoch - 662ms/step
Epoch 19/50
64/64 - 43s - loss: 0.1471 - accuracy: 0.9402 - val_loss: 0.1629 - val_accuracy: 0.9332 - lr: 3.8742e-04 - 43s/epoch - 670ms/step
Epoch 20/50
64/64 - 42s - loss: 0.1462 - accuracy: 0.9407 - val_loss: 0.1626 - val_accuracy: 0.9335 - lr: 3.4868e-04 - 42s/epoch - 658ms/step
Epoch 21/50
64/64 - 45s - loss: 0.1453 - accuracy: 0.9410 - val_loss: 0.1620 - val_accuracy: 0.9335 - lr: 2.7894e-04 - 45s/epoch - 704ms/step
Epoch 22/50
64/64 - 45s - loss: 0.1446 - accuracy: 0.9413 - val_loss: 0.1621 - val_accuracy: 0.9336 - lr: 2.2315e-04 - 45s/epoch - 702ms/step
Epoch 23/50
64/64 - 44s - loss: 0.1441 - accuracy: 0.9416 - val_loss: 0.1616 - val_accuracy: 0.9337 - lr: 1.7852e-04 - 44s/epoch - 686ms/step
Epoch 24/50
64/64 - 39s - loss: 0.1436 - accuracy: 0.9418 - val_loss: 0.1616 - val_accuracy: 0.9341 - lr: 1.4282e-04 - 39s/epoch - 613ms/step
Epoch 25/50
64/64 - 40s - loss: 0.1433 - accuracy: 0.9419 - val_loss: 0.1614 - val_accuracy: 0.9339 - lr: 1.1425e-04 - 40s/epoch - 622ms/step
Epoch 26/50
64/64 - 41s - loss: 0.1430 - accuracy: 0.9421 - val_loss: 0.1612 - val_accuracy: 0.9340 - lr: 9.1404e-05 - 41s/epoch - 645ms/step
Epoch 27/50
64/64 - 43s - loss: 0.1428 - accuracy: 0.9421 - val_loss: 0.1613 - val_accuracy: 0.9341 - lr: 7.3123e-05 - 43s/epoch - 676ms/step
Epoch 28/50
64/64 - 41s - loss: 0.1426 - accuracy: 0.9422 - val_loss: 0.1611 - val_accuracy: 0.9341 - lr: 5.8499e-05 - 41s/epoch - 639ms/step
Epoch 29/50
64/64 - 40s - loss: 0.1424 - accuracy: 0.9423 - val_loss: 0.1610 - val_accuracy: 0.9341 - lr: 4.6799e-05 - 40s/epoch - 627ms/step
Epoch 30/50
64/64 - 40s - loss: 0.1423 - accuracy: 0.9424 - val_loss: 0.1611 - val_accuracy: 0.9341 - lr: 3.7439e-05 - 40s/epoch - 632ms/step
Epoch 31/50
64/64 - 42s - loss: 0.1422 - accuracy: 0.9424 - val_loss: 0.1610 - val_accuracy: 0.9342 - lr: 2.4335e-05 - 42s/epoch - 649ms/step
Epoch 32/50
64/64 - 40s - loss: 0.1421 - accuracy: 0.9425 - val_loss: 0.1610 - val_accuracy: 0.9342 - lr: 1.5818e-05 - 40s/epoch - 624ms/step
Epoch 33/50
64/64 - 40s - loss: 0.1421 - accuracy: 0.9425 - val_loss: 0.1610 - val_accuracy: 0.9342 - lr: 1.0282e-05 - 40s/epoch - 623ms/step
Epoch 34/50
64/64 - 41s - loss: 0.1420 - accuracy: 0.9425 - val_loss: 0.1610 - val_accuracy: 0.9342 - lr: 6.6831e-06 - 41s/epoch - 640ms/step
Epoch 35/50
64/64 - 42s - loss: 0.1420 - accuracy: 0.9425 - val_loss: 0.1610 - val_accuracy: 0.9342 - lr: 4.3440e-06 - 42s/epoch - 649ms/step
Epoch 36/50
64/64 - 41s - loss: 0.1420 - accuracy: 0.9425 - val_loss: 0.1610 - val_accuracy: 0.9342 - lr: 2.8236e-06 - 41s/epoch - 642ms/step
Epoch 37/50
64/64 - 40s - loss: 0.1420 - accuracy: 0.9425 - val_loss: 0.1610 - val_accuracy: 0.9342 - lr: 1.8353e-06 - 40s/epoch - 617ms/step
Epoch 38/50
64/64 - 40s - loss: 0.1420 - accuracy: 0.9425 - val_loss: 0.1610 - val_accuracy: 0.9342 - lr: 1.1930e-06 - 40s/epoch - 620ms/step
Epoch 39/50
64/64 - 39s - loss: 0.1420 - accuracy: 0.9425 - val_loss: 0.1610 - val_accuracy: 0.9342 - lr: 7.7543e-07 - 39s/epoch - 611ms/step
Epoch 40/50
64/64 - 40s - loss: 0.1420 - accuracy: 0.9425 - val_loss: 0.1610 - val_accuracy: 0.9342 - lr: 5.0403e-07 - 40s/epoch - 621ms/step
Epoch 41/50
64/64 - 39s - loss: 0.1420 - accuracy: 0.9425 - val_loss: 0.1610 - val_accuracy: 0.9342 - lr: 3.2762e-07 - 39s/epoch - 607ms/step
[bench] d=5 p=0.010 seed=0  RCNN p_L=0.0638  MWPM=0.0483  (1714s, 51547 params)
Number of unique contributions: 13
Total number of fractions: 28
Total number of phases: 62
Total number of inverters: 0
Number of unique contributions: 13
Total number of fractions: 28
Total number of phases: 62
Total number of inverters: 0
Number of unique contributions: 13
Total number of fractions: 28
Total number of phases: 62
Total number of inverters: 0
Epoch 1/50
64/64 - 70s - loss: 0.5359 - accuracy: 0.7344 - val_loss: 0.4599 - val_accuracy: 0.7556 - lr: 0.0100 - 70s/epoch - 1s/step
Epoch 2/50
64/64 - 42s - loss: 0.4062 - accuracy: 0.7963 - val_loss: 0.3604 - val_accuracy: 0.8286 - lr: 0.0090 - 42s/epoch - 655ms/step
Epoch 3/50
64/64 - 42s - loss: 0.3331 - accuracy: 0.8461 - val_loss: 0.3021 - val_accuracy: 0.8624 - lr: 0.0080 - 42s/epoch - 658ms/step
Epoch 4/50
64/64 - 43s - loss: 0.2814 - accuracy: 0.8721 - val_loss: 0.2682 - val_accuracy: 0.8791 - lr: 0.0070 - 43s/epoch - 666ms/step
Epoch 5/50
64/64 - 41s - loss: 0.2488 - accuracy: 0.8892 - val_loss: 0.2395 - val_accuracy: 0.8941 - lr: 0.0060 - 41s/epoch - 642ms/step
Epoch 6/50
64/64 - 40s - loss: 0.2221 - accuracy: 0.9034 - val_loss: 0.2187 - val_accuracy: 0.9052 - lr: 0.0050 - 40s/epoch - 622ms/step
Epoch 7/50
64/64 - 40s - loss: 0.2019 - accuracy: 0.9138 - val_loss: 0.2020 - val_accuracy: 0.9142 - lr: 0.0040 - 40s/epoch - 631ms/step
Epoch 8/50
64/64 - 40s - loss: 0.1887 - accuracy: 0.9202 - val_loss: 0.1911 - val_accuracy: 0.9193 - lr: 0.0030 - 40s/epoch - 627ms/step
Epoch 9/50
64/64 - 40s - loss: 0.1783 - accuracy: 0.9253 - val_loss: 0.1870 - val_accuracy: 0.9216 - lr: 0.0020 - 40s/epoch - 631ms/step
Epoch 10/50
64/64 - 40s - loss: 0.1714 - accuracy: 0.9286 - val_loss: 0.1813 - val_accuracy: 0.9244 - lr: 0.0010 - 40s/epoch - 626ms/step
Epoch 11/50
64/64 - 39s - loss: 0.1679 - accuracy: 0.9304 - val_loss: 0.1784 - val_accuracy: 0.9261 - lr: 9.0000e-04 - 39s/epoch - 615ms/step
Epoch 12/50
64/64 - 40s - loss: 0.1680 - accuracy: 0.9303 - val_loss: 0.1802 - val_accuracy: 0.9246 - lr: 8.1000e-04 - 40s/epoch - 622ms/step
Epoch 13/50
64/64 - 40s - loss: 0.1658 - accuracy: 0.9314 - val_loss: 0.1772 - val_accuracy: 0.9262 - lr: 7.2900e-04 - 40s/epoch - 617ms/step
Epoch 14/50
64/64 - 39s - loss: 0.1636 - accuracy: 0.9325 - val_loss: 0.1761 - val_accuracy: 0.9270 - lr: 6.5610e-04 - 39s/epoch - 617ms/step
Epoch 15/50
64/64 - 40s - loss: 0.1614 - accuracy: 0.9335 - val_loss: 0.1742 - val_accuracy: 0.9279 - lr: 5.9049e-04 - 40s/epoch - 624ms/step
Epoch 16/50
64/64 - 40s - loss: 0.1595 - accuracy: 0.9344 - val_loss: 0.1731 - val_accuracy: 0.9286 - lr: 5.3144e-04 - 40s/epoch - 627ms/step
Epoch 17/50
64/64 - 40s - loss: 0.1580 - accuracy: 0.9350 - val_loss: 0.1725 - val_accuracy: 0.9290 - lr: 4.7830e-04 - 40s/epoch - 621ms/step
Epoch 18/50
64/64 - 40s - loss: 0.1572 - accuracy: 0.9356 - val_loss: 0.1715 - val_accuracy: 0.9293 - lr: 4.3047e-04 - 40s/epoch - 620ms/step
Epoch 19/50
64/64 - 40s - loss: 0.1559 - accuracy: 0.9362 - val_loss: 0.1709 - val_accuracy: 0.9297 - lr: 3.8742e-04 - 40s/epoch - 626ms/step
Epoch 20/50
64/64 - 42s - loss: 0.1549 - accuracy: 0.9368 - val_loss: 0.1706 - val_accuracy: 0.9300 - lr: 3.4868e-04 - 42s/epoch - 654ms/step
Epoch 21/50
64/64 - 41s - loss: 0.1541 - accuracy: 0.9371 - val_loss: 0.1699 - val_accuracy: 0.9305 - lr: 2.7894e-04 - 41s/epoch - 640ms/step
Epoch 22/50
64/64 - 41s - loss: 0.1534 - accuracy: 0.9374 - val_loss: 0.1697 - val_accuracy: 0.9309 - lr: 2.2315e-04 - 41s/epoch - 635ms/step
Epoch 23/50
64/64 - 40s - loss: 0.1527 - accuracy: 0.9378 - val_loss: 0.1694 - val_accuracy: 0.9309 - lr: 1.7852e-04 - 40s/epoch - 624ms/step
Epoch 24/50
64/64 - 40s - loss: 0.1523 - accuracy: 0.9378 - val_loss: 0.1692 - val_accuracy: 0.9310 - lr: 1.4282e-04 - 40s/epoch - 632ms/step
Epoch 25/50
64/64 - 40s - loss: 0.1519 - accuracy: 0.9381 - val_loss: 0.1690 - val_accuracy: 0.9310 - lr: 1.1425e-04 - 40s/epoch - 624ms/step
Epoch 26/50
64/64 - 41s - loss: 0.1516 - accuracy: 0.9383 - val_loss: 0.1688 - val_accuracy: 0.9308 - lr: 9.1404e-05 - 41s/epoch - 640ms/step
Epoch 27/50
64/64 - 41s - loss: 0.1513 - accuracy: 0.9385 - val_loss: 0.1688 - val_accuracy: 0.9310 - lr: 7.3123e-05 - 41s/epoch - 634ms/step
Epoch 28/50
64/64 - 40s - loss: 0.1511 - accuracy: 0.9386 - val_loss: 0.1687 - val_accuracy: 0.9312 - lr: 5.8499e-05 - 40s/epoch - 626ms/step
Epoch 29/50
64/64 - 40s - loss: 0.1510 - accuracy: 0.9386 - val_loss: 0.1686 - val_accuracy: 0.9313 - lr: 4.6799e-05 - 40s/epoch - 624ms/step
Epoch 30/50
64/64 - 40s - loss: 0.1508 - accuracy: 0.9387 - val_loss: 0.1685 - val_accuracy: 0.9312 - lr: 3.7439e-05 - 40s/epoch - 622ms/step
Epoch 31/50
64/64 - 40s - loss: 0.1507 - accuracy: 0.9388 - val_loss: 0.1685 - val_accuracy: 0.9312 - lr: 2.4335e-05 - 40s/epoch - 627ms/step
Epoch 32/50
64/64 - 40s - loss: 0.1506 - accuracy: 0.9388 - val_loss: 0.1685 - val_accuracy: 0.9312 - lr: 1.5818e-05 - 40s/epoch - 628ms/step
Epoch 33/50
64/64 - 40s - loss: 0.1506 - accuracy: 0.9388 - val_loss: 0.1685 - val_accuracy: 0.9312 - lr: 1.0282e-05 - 40s/epoch - 633ms/step
Epoch 34/50
64/64 - 40s - loss: 0.1505 - accuracy: 0.9388 - val_loss: 0.1685 - val_accuracy: 0.9312 - lr: 6.6831e-06 - 40s/epoch - 630ms/step
Epoch 35/50
64/64 - 44s - loss: 0.1505 - accuracy: 0.9388 - val_loss: 0.1685 - val_accuracy: 0.9312 - lr: 4.3440e-06 - 44s/epoch - 686ms/step
Epoch 36/50
64/64 - 42s - loss: 0.1505 - accuracy: 0.9388 - val_loss: 0.1685 - val_accuracy: 0.9312 - lr: 2.8236e-06 - 42s/epoch - 661ms/step
Epoch 37/50
64/64 - 41s - loss: 0.1505 - accuracy: 0.9388 - val_loss: 0.1685 - val_accuracy: 0.9312 - lr: 1.8353e-06 - 41s/epoch - 647ms/step
Epoch 38/50
64/64 - 41s - loss: 0.1505 - accuracy: 0.9389 - val_loss: 0.1685 - val_accuracy: 0.9312 - lr: 1.1930e-06 - 41s/epoch - 636ms/step
Epoch 39/50
64/64 - 40s - loss: 0.1505 - accuracy: 0.9389 - val_loss: 0.1685 - val_accuracy: 0.9312 - lr: 7.7543e-07 - 40s/epoch - 632ms/step
Epoch 40/50
64/64 - 42s - loss: 0.1505 - accuracy: 0.9388 - val_loss: 0.1685 - val_accuracy: 0.9312 - lr: 5.0403e-07 - 42s/epoch - 661ms/step
Epoch 41/50
64/64 - 50s - loss: 0.1505 - accuracy: 0.9389 - val_loss: 0.1685 - val_accuracy: 0.9312 - lr: 3.2762e-07 - 50s/epoch - 787ms/step
Epoch 42/50
64/64 - 42s - loss: 0.1505 - accuracy: 0.9389 - val_loss: 0.1685 - val_accuracy: 0.9312 - lr: 2.1295e-07 - 42s/epoch - 659ms/step
Epoch 43/50
64/64 - 42s - loss: 0.1505 - accuracy: 0.9389 - val_loss: 0.1685 - val_accuracy: 0.9312 - lr: 1.3842e-07 - 42s/epoch - 649ms/step
Epoch 44/50
64/64 - 41s - loss: 0.1505 - accuracy: 0.9389 - val_loss: 0.1685 - val_accuracy: 0.9312 - lr: 8.9973e-08 - 41s/epoch - 642ms/step
Epoch 45/50
64/64 - 41s - loss: 0.1505 - accuracy: 0.9389 - val_loss: 0.1685 - val_accuracy: 0.9312 - lr: 5.8482e-08 - 41s/epoch - 645ms/step
Epoch 46/50
64/64 - 42s - loss: 0.1505 - accuracy: 0.9389 - val_loss: 0.1685 - val_accuracy: 0.9312 - lr: 3.8014e-08 - 42s/epoch - 656ms/step
Epoch 47/50
64/64 - 41s - loss: 0.1505 - accuracy: 0.9389 - val_loss: 0.1685 - val_accuracy: 0.9312 - lr: 2.4709e-08 - 41s/epoch - 646ms/step
Epoch 48/50
64/64 - 41s - loss: 0.1505 - accuracy: 0.9389 - val_loss: 0.1685 - val_accuracy: 0.9312 - lr: 1.6061e-08 - 41s/epoch - 639ms/step
Epoch 49/50
64/64 - 41s - loss: 0.1505 - accuracy: 0.9389 - val_loss: 0.1685 - val_accuracy: 0.9312 - lr: 1.0439e-08 - 41s/epoch - 646ms/step
Epoch 50/50
64/64 - 41s - loss: 0.1505 - accuracy: 0.9389 - val_loss: 0.1685 - val_accuracy: 0.9312 - lr: 6.7857e-09 - 41s/epoch - 648ms/step
[bench] d=5 p=0.010 seed=1  RCNN p_L=0.0677  MWPM=0.0483  (2078s, 51547 params)
[bench] === d=5 p=0.010: RCNN p_L = 0.0658 ± 0.0028  (n=2 seeds)  | MWPM 0.0483 ===
[bench] results -> ./results/benchmark_rcnn.csv
